{"ip":"::1","level":"info","message":"Request started","method":"GET","requestId":"188fb89f-9148-4fff-834f-e0689f51aeaf","service":"automobiles-and-parts-api","timestamp":"2025-10-15T02:02:53.502Z","url":"/api/v1/health","userAgent":"axios/1.12.2"}
{"duration":"389ms","level":"info","message":"Request completed","method":"GET","requestId":"188fb89f-9148-4fff-834f-e0689f51aeaf","service":"automobiles-and-parts-api","statusCode":400,"timestamp":"2025-10-15T02:02:53.890Z","url":"/api/v1/health"}
{"ip":"::1","level":"info","message":"Request started","method":"GET","requestId":"f324dd25-7d5f-49a7-8c24-38346fe31c28","service":"automobiles-and-parts-api","timestamp":"2025-10-15T02:02:53.913Z","url":"/api/v1/vehicles","userAgent":"axios/1.12.2"}
{"duration":"25ms","level":"info","message":"Request completed","method":"GET","requestId":"f324dd25-7d5f-49a7-8c24-38346fe31c28","service":"automobiles-and-parts-api","statusCode":400,"timestamp":"2025-10-15T02:02:53.937Z","url":"/api/v1/vehicles"}
{"ip":"::1","level":"info","message":"Request started","method":"GET","requestId":"e643ce4c-639e-4dc2-8671-8228c6bb6403","service":"automobiles-and-parts-api","timestamp":"2025-10-15T02:02:53.953Z","url":"/api/v1/vehicles/1","userAgent":"axios/1.12.2"}
{"duration":"16ms","level":"info","message":"Request completed","method":"GET","requestId":"e643ce4c-639e-4dc2-8671-8228c6bb6403","service":"automobiles-and-parts-api","statusCode":400,"timestamp":"2025-10-15T02:02:53.969Z","url":"/api/v1/vehicles/1"}
{"ip":"::1","level":"info","message":"Request started","method":"GET","requestId":"8ef4cae1-8047-4c1f-97ed-1e702c9f33f7","service":"automobiles-and-parts-api","timestamp":"2025-10-15T02:03:43.409Z","url":"/api/v1/health","userAgent":"axios/1.12.2"}
{"duration":"10ms","level":"info","message":"Request completed","method":"GET","requestId":"8ef4cae1-8047-4c1f-97ed-1e702c9f33f7","service":"automobiles-and-parts-api","statusCode":200,"timestamp":"2025-10-15T02:03:43.418Z","url":"/health"}
{"ip":"::1","level":"info","message":"Request started","method":"GET","requestId":"6b5f3da2-cbbb-4601-963d-af530b0fccf6","service":"automobiles-and-parts-api","timestamp":"2025-10-15T02:03:43.434Z","url":"/api/v1/vehicles","userAgent":"axios/1.12.2"}
{"duration":"1542ms","level":"info","message":"Request completed","method":"GET","requestId":"6b5f3da2-cbbb-4601-963d-af530b0fccf6","service":"automobiles-and-parts-api","statusCode":200,"timestamp":"2025-10-15T02:03:44.976Z","url":"/vehicles"}
{"ip":"::1","level":"info","message":"Request started","method":"GET","requestId":"f0b3d986-13e9-43aa-982a-d72af93773b7","service":"automobiles-and-parts-api","timestamp":"2025-10-15T02:03:44.995Z","url":"/api/v1/vehicles/1","userAgent":"axios/1.12.2"}
{"duration":"338ms","level":"info","message":"Request completed","method":"GET","requestId":"f0b3d986-13e9-43aa-982a-d72af93773b7","service":"automobiles-and-parts-api","statusCode":200,"timestamp":"2025-10-15T02:03:45.333Z","url":"/vehicles/1"}
{"ip":"::1","level":"info","message":"Request started","method":"GET","requestId":"7f774f16-8d78-4b5f-97dd-07defdcef4f8","service":"automobiles-and-parts-api","timestamp":"2025-10-15T02:04:18.649Z","url":"/api/v1/health","userAgent":"axios/1.12.2"}
{"duration":"3ms","level":"info","message":"Request completed","method":"GET","requestId":"7f774f16-8d78-4b5f-97dd-07defdcef4f8","service":"automobiles-and-parts-api","statusCode":200,"timestamp":"2025-10-15T02:04:18.653Z","url":"/health"}
{"ip":"::1","level":"info","message":"Request started","method":"GET","requestId":"4e065807-43db-4325-b281-49cc07829ea2","service":"automobiles-and-parts-api","timestamp":"2025-10-15T02:04:18.670Z","url":"/api/v1/vehicles","userAgent":"axios/1.12.2"}
{"duration":"1573ms","level":"info","message":"Request completed","method":"GET","requestId":"4e065807-43db-4325-b281-49cc07829ea2","service":"automobiles-and-parts-api","statusCode":200,"timestamp":"2025-10-15T02:04:20.243Z","url":"/vehicles"}
{"ip":"::1","level":"info","message":"Request started","method":"GET","requestId":"ce2e3b22-a35f-49cc-ad12-b9ac8c2ac1ce","service":"automobiles-and-parts-api","timestamp":"2025-10-15T02:04:20.273Z","url":"/api/v1/vehicles/1","userAgent":"axios/1.12.2"}
{"duration":"330ms","level":"info","message":"Request completed","method":"GET","requestId":"ce2e3b22-a35f-49cc-ad12-b9ac8c2ac1ce","service":"automobiles-and-parts-api","statusCode":200,"timestamp":"2025-10-15T02:04:20.602Z","url":"/vehicles/1"}
{"ip":"::1","level":"info","message":"Request started","method":"POST","requestId":"90052fad-77f8-4db6-a83b-fb2d5a727ae0","service":"automobiles-and-parts-api","timestamp":"2025-10-15T02:04:20.619Z","url":"/api/v1/auth/register","userAgent":"axios/1.12.2"}
{"duration":"335ms","level":"info","message":"Request completed","method":"POST","requestId":"90052fad-77f8-4db6-a83b-fb2d5a727ae0","service":"automobiles-and-parts-api","statusCode":400,"timestamp":"2025-10-15T02:04:20.954Z","url":"/auth/register"}
{"ip":"::1","level":"info","message":"Request started","method":"POST","requestId":"536811c0-ded6-48c9-a2a8-db127d0f324f","service":"automobiles-and-parts-api","timestamp":"2025-10-15T02:04:20.963Z","url":"/api/v1/auth/login","userAgent":"axios/1.12.2"}
{"duration":"486ms","level":"info","message":"Request completed","method":"POST","requestId":"536811c0-ded6-48c9-a2a8-db127d0f324f","service":"automobiles-and-parts-api","statusCode":401,"timestamp":"2025-10-15T02:04:21.449Z","url":"/auth/login"}
{"ip":"::1","level":"info","message":"Request started","method":"GET","requestId":"c9700eb0-4e8b-4ef2-b8a7-1310c13a7e89","service":"automobiles-and-parts-api","timestamp":"2025-10-15T02:04:21.457Z","url":"/api/v1/users/me","userAgent":"axios/1.12.2"}
{"duration":"4ms","level":"info","message":"Request completed","method":"GET","requestId":"c9700eb0-4e8b-4ef2-b8a7-1310c13a7e89","service":"automobiles-and-parts-api","statusCode":401,"timestamp":"2025-10-15T02:04:21.461Z","url":"/users/me"}
{"ip":"::1","level":"info","message":"Request started","method":"POST","requestId":"cbe435ae-2b3b-44ad-b87d-a6553ae566d8","service":"automobiles-and-parts-api","timestamp":"2025-10-15T02:04:21.470Z","url":"/api/v1/vehicles","userAgent":"axios/1.12.2"}
{"duration":"3ms","level":"info","message":"Request completed","method":"POST","requestId":"cbe435ae-2b3b-44ad-b87d-a6553ae566d8","service":"automobiles-and-parts-api","statusCode":401,"timestamp":"2025-10-15T02:04:21.473Z","url":"/vehicles"}
{"ip":"::1","level":"info","message":"Request started","method":"GET","requestId":"a5290734-0c55-4e40-bd78-19cbf1fbb434","service":"automobiles-and-parts-api","timestamp":"2025-10-15T02:04:21.483Z","url":"/api/v1/favorites","userAgent":"axios/1.12.2"}
{"duration":"4ms","level":"info","message":"Request completed","method":"GET","requestId":"a5290734-0c55-4e40-bd78-19cbf1fbb434","service":"automobiles-and-parts-api","statusCode":401,"timestamp":"2025-10-15T02:04:21.487Z","url":"/favorites"}
{"ip":"::1","level":"info","message":"Request started","method":"GET","requestId":"f134a8f9-784c-47b2-860f-27e9c4833a79","service":"automobiles-and-parts-api","timestamp":"2025-10-15T02:04:21.496Z","url":"/api/v1/admin/stats","userAgent":"axios/1.12.2"}
{"duration":"4ms","level":"info","message":"Request completed","method":"GET","requestId":"f134a8f9-784c-47b2-860f-27e9c4833a79","service":"automobiles-and-parts-api","statusCode":401,"timestamp":"2025-10-15T02:04:21.500Z","url":"/admin/stats"}
{"ip":"::1","level":"info","message":"Request started","method":"GET","requestId":"d7714b58-690c-4dbb-859c-33b3e6d0e586","service":"automobiles-and-parts-api","timestamp":"2025-10-15T02:05:14.631Z","url":"/api/v1/health","userAgent":"axios/1.12.2"}
{"duration":"4ms","level":"info","message":"Request completed","method":"GET","requestId":"d7714b58-690c-4dbb-859c-33b3e6d0e586","service":"automobiles-and-parts-api","statusCode":200,"timestamp":"2025-10-15T02:05:14.635Z","url":"/health"}
{"ip":"::1","level":"info","message":"Request started","method":"GET","requestId":"91495356-e9e1-4328-bb15-456cddc3682b","service":"automobiles-and-parts-api","timestamp":"2025-10-15T02:05:14.657Z","url":"/api/v1/vehicles","userAgent":"axios/1.12.2"}
{"duration":"1543ms","level":"info","message":"Request completed","method":"GET","requestId":"91495356-e9e1-4328-bb15-456cddc3682b","service":"automobiles-and-parts-api","statusCode":200,"timestamp":"2025-10-15T02:05:16.200Z","url":"/vehicles"}
{"ip":"::1","level":"info","message":"Request started","method":"GET","requestId":"de95ae71-3131-438c-a516-e5201d120f39","service":"automobiles-and-parts-api","timestamp":"2025-10-15T02:05:16.219Z","url":"/api/v1/vehicles/3","userAgent":"axios/1.12.2"}
{"duration":"315ms","level":"info","message":"Request completed","method":"GET","requestId":"de95ae71-3131-438c-a516-e5201d120f39","service":"automobiles-and-parts-api","statusCode":200,"timestamp":"2025-10-15T02:05:16.534Z","url":"/vehicles/3"}
{"ip":"::1","level":"info","message":"Request started","method":"GET","requestId":"d6420f8b-d6dc-42f4-a340-ac9704892695","service":"automobiles-and-parts-api","timestamp":"2025-10-15T02:05:16.556Z","url":"/api/v1/vehicles?limit=5&page=1","userAgent":"axios/1.12.2"}
{"duration":"310ms","level":"info","message":"Request completed","method":"GET","requestId":"d6420f8b-d6dc-42f4-a340-ac9704892695","service":"automobiles-and-parts-api","statusCode":500,"timestamp":"2025-10-15T02:05:16.866Z","url":"/vehicles?limit=5&page=1"}
{"ip":"::1","level":"info","message":"Request started","method":"GET","requestId":"06e3b53e-beb8-4dbc-85b7-cdda2894cd77","service":"automobiles-and-parts-api","timestamp":"2025-10-15T02:05:16.889Z","url":"/api/v1/vehicles?brand=Toyota","userAgent":"axios/1.12.2"}
{"duration":"333ms","level":"info","message":"Request completed","method":"GET","requestId":"06e3b53e-beb8-4dbc-85b7-cdda2894cd77","service":"automobiles-and-parts-api","statusCode":200,"timestamp":"2025-10-15T02:05:17.222Z","url":"/vehicles?brand=Toyota"}
{"ip":"::1","level":"info","message":"Request started","method":"GET","requestId":"2be4446f-ed6c-4031-971e-d01ba96e8ca5","service":"automobiles-and-parts-api","timestamp":"2025-10-15T02:05:52.520Z","url":"/api/v1/health","userAgent":"axios/1.12.2"}
{"duration":"2ms","level":"info","message":"Request completed","method":"GET","requestId":"2be4446f-ed6c-4031-971e-d01ba96e8ca5","service":"automobiles-and-parts-api","statusCode":200,"timestamp":"2025-10-15T02:05:52.522Z","url":"/health"}
{"ip":"::1","level":"info","message":"Request started","method":"GET","requestId":"96bc0773-411a-45fd-a613-dfbe74a99dbe","service":"automobiles-and-parts-api","timestamp":"2025-10-15T02:05:52.536Z","url":"/api/v1/vehicles","userAgent":"axios/1.12.2"}
{"duration":"1515ms","level":"info","message":"Request completed","method":"GET","requestId":"96bc0773-411a-45fd-a613-dfbe74a99dbe","service":"automobiles-and-parts-api","statusCode":200,"timestamp":"2025-10-15T02:05:54.051Z","url":"/vehicles"}
{"ip":"::1","level":"info","message":"Request started","method":"GET","requestId":"9f1d605c-2ca8-4c0a-9c98-be46741cd789","service":"automobiles-and-parts-api","timestamp":"2025-10-15T02:05:54.074Z","url":"/api/v1/vehicles/3","userAgent":"axios/1.12.2"}
{"duration":"320ms","level":"info","message":"Request completed","method":"GET","requestId":"9f1d605c-2ca8-4c0a-9c98-be46741cd789","service":"automobiles-and-parts-api","statusCode":200,"timestamp":"2025-10-15T02:05:54.394Z","url":"/vehicles/3"}
{"ip":"::1","level":"info","message":"Request started","method":"GET","requestId":"74694f20-cfc4-48ee-a629-91308ca587bc","service":"automobiles-and-parts-api","timestamp":"2025-10-15T02:05:54.416Z","url":"/api/v1/vehicles?limit=5","userAgent":"axios/1.12.2"}
{"duration":"308ms","level":"info","message":"Request completed","method":"GET","requestId":"74694f20-cfc4-48ee-a629-91308ca587bc","service":"automobiles-and-parts-api","statusCode":500,"timestamp":"2025-10-15T02:05:54.724Z","url":"/vehicles?limit=5"}
{"ip":"::1","level":"info","message":"Request started","method":"GET","requestId":"c7c0ae03-cd42-4a85-9d08-f2022671db76","service":"automobiles-and-parts-api","timestamp":"2025-10-15T02:05:54.733Z","url":"/api/v1/vehicles?brand=Toyota","userAgent":"axios/1.12.2"}
{"duration":"303ms","level":"info","message":"Request completed","method":"GET","requestId":"c7c0ae03-cd42-4a85-9d08-f2022671db76","service":"automobiles-and-parts-api","statusCode":200,"timestamp":"2025-10-15T02:05:55.036Z","url":"/vehicles?brand=Toyota"}
{"ip":"::1","level":"info","message":"Request started","method":"GET","requestId":"e05c59ae-9014-4f64-a205-64b6926e3490","service":"automobiles-and-parts-api","timestamp":"2025-10-15T02:05:55.064Z","url":"/api/v1/vehicles?brand=Toyota&model=Camry","userAgent":"axios/1.12.2"}
{"duration":"313ms","level":"info","message":"Request completed","method":"GET","requestId":"e05c59ae-9014-4f64-a205-64b6926e3490","service":"automobiles-and-parts-api","statusCode":200,"timestamp":"2025-10-15T02:05:55.377Z","url":"/vehicles?brand=Toyota&model=Camry"}
{"ip":"::1","level":"info","message":"Request started","method":"GET","requestId":"e616c2b2-8094-45ac-994f-8529c465b712","service":"automobiles-and-parts-api","timestamp":"2025-10-15T02:09:27.205Z","url":"/api/v1/health","userAgent":"axios/1.12.2"}
{"duration":"3ms","level":"info","message":"Request completed","method":"GET","requestId":"e616c2b2-8094-45ac-994f-8529c465b712","service":"automobiles-and-parts-api","statusCode":200,"timestamp":"2025-10-15T02:09:27.208Z","url":"/health"}
{"ip":"::1","level":"info","message":"Request started","method":"GET","requestId":"3a25c075-d6f7-47cf-8258-38267315346f","service":"automobiles-and-parts-api","timestamp":"2025-10-15T02:09:27.222Z","url":"/api/v1/vehicles","userAgent":"axios/1.12.2"}
{"duration":"1538ms","level":"info","message":"Request completed","method":"GET","requestId":"3a25c075-d6f7-47cf-8258-38267315346f","service":"automobiles-and-parts-api","statusCode":200,"timestamp":"2025-10-15T02:09:28.760Z","url":"/vehicles"}
{"ip":"::1","level":"info","message":"Request started","method":"GET","requestId":"cc142081-48f7-4593-939d-b4f6e156a71c","service":"automobiles-and-parts-api","timestamp":"2025-10-15T02:09:28.827Z","url":"/api/v1/vehicles/3","userAgent":"axios/1.12.2"}
{"duration":"357ms","level":"info","message":"Request completed","method":"GET","requestId":"cc142081-48f7-4593-939d-b4f6e156a71c","service":"automobiles-and-parts-api","statusCode":200,"timestamp":"2025-10-15T02:09:29.184Z","url":"/vehicles/3"}
{"ip":"::1","level":"info","message":"Request started","method":"GET","requestId":"a7c6e9e1-cf63-4d0f-a64a-7c4c09cb0f99","service":"automobiles-and-parts-api","timestamp":"2025-10-15T02:09:29.199Z","url":"/api/v1/vehicles?limit=5","userAgent":"axios/1.12.2"}
{"duration":"338ms","level":"info","message":"Request completed","method":"GET","requestId":"a7c6e9e1-cf63-4d0f-a64a-7c4c09cb0f99","service":"automobiles-and-parts-api","statusCode":500,"timestamp":"2025-10-15T02:09:29.537Z","url":"/vehicles?limit=5"}
{"ip":"::1","level":"info","message":"Request started","method":"GET","requestId":"b4e0d4aa-1939-4f49-bc21-9f4556d9d9e6","service":"automobiles-and-parts-api","timestamp":"2025-10-15T02:09:29.546Z","url":"/api/v1/vehicles?brand=Toyota","userAgent":"axios/1.12.2"}
{"duration":"317ms","level":"info","message":"Request completed","method":"GET","requestId":"b4e0d4aa-1939-4f49-bc21-9f4556d9d9e6","service":"automobiles-and-parts-api","statusCode":200,"timestamp":"2025-10-15T02:09:29.863Z","url":"/vehicles?brand=Toyota"}
{"ip":"::1","level":"info","message":"Request started","method":"GET","requestId":"cc0a6b35-e13e-4626-902a-e525ba66946c","service":"automobiles-and-parts-api","timestamp":"2025-10-15T02:09:29.892Z","url":"/api/v1/vehicles?brand=Toyota&model=Camry","userAgent":"axios/1.12.2"}
{"duration":"324ms","level":"info","message":"Request completed","method":"GET","requestId":"cc0a6b35-e13e-4626-902a-e525ba66946c","service":"automobiles-and-parts-api","statusCode":200,"timestamp":"2025-10-15T02:09:30.216Z","url":"/vehicles?brand=Toyota&model=Camry"}
{"ip":"::1","level":"info","message":"Request started","method":"GET","requestId":"652a0d91-58b0-4154-8455-b3b2d8bc9120","service":"automobiles-and-parts-api","timestamp":"2025-10-15T02:11:09.771Z","url":"/api/v1/vehicles?limit=5","userAgent":"Mozilla/5.0 (Windows NT; Windows NT 10.0; en-US) WindowsPowerShell/5.1.19041.6392"}
{"duration":"1588ms","level":"info","message":"Request completed","method":"GET","requestId":"652a0d91-58b0-4154-8455-b3b2d8bc9120","service":"automobiles-and-parts-api","statusCode":200,"timestamp":"2025-10-15T02:11:11.357Z","url":"/vehicles?limit=5"}
{"ip":"::1","level":"info","message":"Request started","method":"GET","requestId":"0287cde5-e87f-4c60-b436-0c97d60ff32f","service":"automobiles-and-parts-api","timestamp":"2025-10-15T02:49:35.349Z","url":"/api/v1/health","userAgent":"Mozilla/5.0 (Windows NT; Windows NT 10.0; en-US) WindowsPowerShell/5.1.19041.6392"}
{"duration":"23ms","level":"info","message":"Request completed","method":"GET","requestId":"0287cde5-e87f-4c60-b436-0c97d60ff32f","service":"automobiles-and-parts-api","statusCode":200,"timestamp":"2025-10-15T02:49:35.370Z","url":"/health"}
{"ip":"::1","level":"info","message":"Request started","method":"GET","requestId":"1bf9905e-8cc1-42b3-87a8-045fb6c78710","service":"automobiles-and-parts-api","timestamp":"2025-10-15T02:53:16.218Z","url":"/api/v1/vehicles","userAgent":"Mozilla/5.0 (Windows NT; Windows NT 10.0; en-US) WindowsPowerShell/5.1.19041.6392"}
{"duration":"1580ms","level":"info","message":"Request completed","method":"GET","requestId":"1bf9905e-8cc1-42b3-87a8-045fb6c78710","service":"automobiles-and-parts-api","statusCode":200,"timestamp":"2025-10-15T02:53:17.798Z","url":"/vehicles"}
{"ip":"::1","level":"info","message":"Request started","method":"GET","requestId":"a47b5f9d-064e-4de4-a0f2-ffca38227382","service":"automobiles-and-parts-api","timestamp":"2025-10-15T02:53:40.780Z","url":"/api/v1/vehicles/3","userAgent":"Mozilla/5.0 (Windows NT; Windows NT 10.0; en-US) WindowsPowerShell/5.1.19041.6392"}
{"duration":"1512ms","level":"info","message":"Request completed","method":"GET","requestId":"a47b5f9d-064e-4de4-a0f2-ffca38227382","service":"automobiles-and-parts-api","statusCode":200,"timestamp":"2025-10-15T02:53:42.292Z","url":"/vehicles/3"}
{"ip":"::1","level":"info","message":"Request started","method":"GET","requestId":"5838817c-f667-4b97-899c-c435b380d97d","service":"automobiles-and-parts-api","timestamp":"2025-10-15T02:53:48.622Z","url":"/api/v1/vehicles?brand=Toyota","userAgent":"Mozilla/5.0 (Windows NT; Windows NT 10.0; en-US) WindowsPowerShell/5.1.19041.6392"}
{"duration":"619ms","level":"info","message":"Request completed","method":"GET","requestId":"5838817c-f667-4b97-899c-c435b380d97d","service":"automobiles-and-parts-api","statusCode":200,"timestamp":"2025-10-15T02:53:49.241Z","url":"/vehicles?brand=Toyota"}
{"ip":"::1","level":"info","message":"Request started","method":"GET","requestId":"dcfdc57f-e405-4ec7-a571-6869e165a402","service":"automobiles-and-parts-api","timestamp":"2025-10-15T02:53:56.572Z","url":"/api/v1/vehicles?limit=5&page=1","userAgent":"Mozilla/5.0 (Windows NT; Windows NT 10.0; en-US) WindowsPowerShell/5.1.19041.6392"}
{"duration":"324ms","level":"info","message":"Request completed","method":"GET","requestId":"dcfdc57f-e405-4ec7-a571-6869e165a402","service":"automobiles-and-parts-api","statusCode":200,"timestamp":"2025-10-15T02:53:56.896Z","url":"/vehicles?limit=5&page=1"}
{"ip":"::1","level":"info","message":"Request started","method":"GET","requestId":"aed0da80-fda1-4648-b3cd-c82422469281","service":"automobiles-and-parts-api","timestamp":"2025-10-15T02:54:09.268Z","url":"/api/auth/login","userAgent":"Mozilla/5.0 (Windows NT; Windows NT 10.0; en-US) WindowsPowerShell/5.1.19041.6392"}
{"duration":"10ms","level":"info","message":"Request completed","method":"GET","requestId":"aed0da80-fda1-4648-b3cd-c82422469281","service":"automobiles-and-parts-api","statusCode":404,"timestamp":"2025-10-15T02:54:09.278Z","url":"/api/auth/login"}
{"ip":"::1","level":"info","message":"Request started","method":"POST","requestId":"a5ae8fc8-eeb9-4c68-8855-3c3e9410ce0c","service":"automobiles-and-parts-api","timestamp":"2025-10-15T02:54:30.810Z","url":"/api/v1/auth/login","userAgent":"Mozilla/5.0 (Windows NT; Windows NT 10.0; en-US) WindowsPowerShell/5.1.19041.6392"}
{"duration":"10ms","level":"info","message":"Request completed","method":"POST","requestId":"a5ae8fc8-eeb9-4c68-8855-3c3e9410ce0c","service":"automobiles-and-parts-api","statusCode":400,"timestamp":"2025-10-15T02:54:30.820Z","url":"/auth/login"}
{"ip":"::1","level":"info","message":"Request started","method":"GET","requestId":"51b020f4-6755-4985-84c3-70dc25ebb758","service":"automobiles-and-parts-api","timestamp":"2025-10-15T02:54:41.164Z","url":"/api/categories","userAgent":"Mozilla/5.0 (Windows NT; Windows NT 10.0; en-US) WindowsPowerShell/5.1.19041.6392"}
{"duration":"6ms","level":"info","message":"Request completed","method":"GET","requestId":"51b020f4-6755-4985-84c3-70dc25ebb758","service":"automobiles-and-parts-api","statusCode":404,"timestamp":"2025-10-15T02:54:41.169Z","url":"/api/categories"}
{"ip":"::1","level":"info","message":"Request started","method":"POST","requestId":"35c5ea25-f8bd-47ea-8ae8-a6d279b6b119","service":"automobiles-and-parts-api","timestamp":"2025-10-15T02:55:07.201Z","url":"/api/user/signup","userAgent":"Mozilla/5.0 (Windows NT; Windows NT 10.0; en-US) WindowsPowerShell/5.1.19041.6392"}
{"duration":"8ms","level":"info","message":"Request completed","method":"POST","requestId":"35c5ea25-f8bd-47ea-8ae8-a6d279b6b119","service":"automobiles-and-parts-api","statusCode":400,"timestamp":"2025-10-15T02:55:07.209Z","url":"/signup"}
{"ip":"::1","level":"info","message":"Request started","method":"GET","requestId":"dca1ef38-b322-462e-8068-4e64dd8e50a0","service":"automobiles-and-parts-api","timestamp":"2025-10-15T03:48:42.601Z","url":"/api/v1/health","userAgent":"Mozilla/5.0 (Windows NT; Windows NT 10.0; en-US) WindowsPowerShell/5.1.19041.6392"}
{"duration":"62ms","level":"info","message":"Request completed","method":"GET","requestId":"dca1ef38-b322-462e-8068-4e64dd8e50a0","service":"automobiles-and-parts-api","statusCode":200,"timestamp":"2025-10-15T03:48:42.657Z","url":"/health"}
{"ip":"::1","level":"info","message":"Request started","method":"GET","requestId":"815e0fdc-0b43-4d6b-b6c5-e487fb061d88","service":"automobiles-and-parts-api","timestamp":"2025-10-15T03:49:21.031Z","url":"/api/v1/vehicles","userAgent":"Mozilla/5.0 (Windows NT; Windows NT 10.0; en-US) WindowsPowerShell/5.1.19041.6392"}
{"duration":"1558ms","level":"info","message":"Request completed","method":"GET","requestId":"815e0fdc-0b43-4d6b-b6c5-e487fb061d88","service":"automobiles-and-parts-api","statusCode":200,"timestamp":"2025-10-15T03:49:22.589Z","url":"/vehicles"}
{"ip":"::1","level":"info","message":"Request started","method":"GET","requestId":"5835f535-f380-416e-a480-5a6e23375d1e","service":"automobiles-and-parts-api","timestamp":"2025-10-15T03:49:30.313Z","url":"/api/v1/vehicles/3","userAgent":"Mozilla/5.0 (Windows NT; Windows NT 10.0; en-US) WindowsPowerShell/5.1.19041.6392"}
{"duration":"323ms","level":"info","message":"Request completed","method":"GET","requestId":"5835f535-f380-416e-a480-5a6e23375d1e","service":"automobiles-and-parts-api","statusCode":200,"timestamp":"2025-10-15T03:49:30.636Z","url":"/vehicles/3"}
{"ip":"::1","level":"info","message":"Request started","method":"GET","requestId":"15b7e7d9-0bf3-4ae4-9f43-3c2f2091004c","service":"automobiles-and-parts-api","timestamp":"2025-10-15T03:49:40.578Z","url":"/api/v1/vehicles?brand=Toyota","userAgent":"Mozilla/5.0 (Windows NT; Windows NT 10.0; en-US) WindowsPowerShell/5.1.19041.6392"}
{"duration":"650ms","level":"info","message":"Request completed","method":"GET","requestId":"15b7e7d9-0bf3-4ae4-9f43-3c2f2091004c","service":"automobiles-and-parts-api","statusCode":200,"timestamp":"2025-10-15T03:49:41.230Z","url":"/vehicles?brand=Toyota"}
{"ip":"::1","level":"info","message":"Request started","method":"GET","requestId":"49ea2b76-52a7-4de5-b89d-9c00eee38f7d","service":"automobiles-and-parts-api","timestamp":"2025-10-15T03:50:11.973Z","url":"/api/v1/vehicles?limit=5&page=1","userAgent":"Mozilla/5.0 (Windows NT; Windows NT 10.0; en-US) WindowsPowerShell/5.1.19041.6392"}
{"duration":"1539ms","level":"info","message":"Request completed","method":"GET","requestId":"49ea2b76-52a7-4de5-b89d-9c00eee38f7d","service":"automobiles-and-parts-api","statusCode":200,"timestamp":"2025-10-15T03:50:13.512Z","url":"/vehicles?limit=5&page=1"}
{"ip":"::1","level":"info","message":"Request started","method":"GET","requestId":"95330bb2-f484-4080-a9cc-f2245e4432e2","service":"automobiles-and-parts-api","timestamp":"2025-10-15T03:51:30.677Z","url":"/api/v1/vehicles","userAgent":"Mozilla/5.0 (Windows NT; Windows NT 10.0; en-US) WindowsPowerShell/5.1.19041.6392"}
{"duration":"1551ms","level":"info","message":"Request completed","method":"GET","requestId":"95330bb2-f484-4080-a9cc-f2245e4432e2","service":"automobiles-and-parts-api","statusCode":200,"timestamp":"2025-10-15T03:51:32.228Z","url":"/vehicles"}
{"ip":"::1","level":"info","message":"Request started","method":"GET","requestId":"7b1fae55-5b73-44cc-8b73-ddb3124c1c16","service":"automobiles-and-parts-api","timestamp":"2025-10-15T03:51:47.427Z","url":"/api/v1/vehicles/3","userAgent":"Mozilla/5.0 (Windows NT; Windows NT 10.0; en-US) WindowsPowerShell/5.1.19041.6392"}
{"duration":"1518ms","level":"info","message":"Request completed","method":"GET","requestId":"7b1fae55-5b73-44cc-8b73-ddb3124c1c16","service":"automobiles-and-parts-api","statusCode":200,"timestamp":"2025-10-15T03:51:48.945Z","url":"/vehicles/3"}
{"ip":"::1","level":"info","message":"Request started","method":"GET","requestId":"30253749-daa8-4900-8c59-c67b4d01c293","service":"automobiles-and-parts-api","timestamp":"2025-10-15T03:51:59.810Z","url":"/api/v1/vehicles?brand=Toyota","userAgent":"Mozilla/5.0 (Windows NT; Windows NT 10.0; en-US) WindowsPowerShell/5.1.19041.6392"}
{"duration":"1536ms","level":"info","message":"Request completed","method":"GET","requestId":"30253749-daa8-4900-8c59-c67b4d01c293","service":"automobiles-and-parts-api","statusCode":200,"timestamp":"2025-10-15T03:52:01.347Z","url":"/vehicles?brand=Toyota"}
{"ip":"::1","level":"info","message":"Request started","method":"GET","requestId":"73f272ff-4bfb-4934-9923-f104ee340b33","service":"automobiles-and-parts-api","timestamp":"2025-10-15T03:52:10.172Z","url":"/api/v1/vehicles?limit=5&page=1","userAgent":"Mozilla/5.0 (Windows NT; Windows NT 10.0; en-US) WindowsPowerShell/5.1.19041.6392"}
{"duration":"316ms","level":"info","message":"Request completed","method":"GET","requestId":"73f272ff-4bfb-4934-9923-f104ee340b33","service":"automobiles-and-parts-api","statusCode":200,"timestamp":"2025-10-15T03:52:10.488Z","url":"/vehicles?limit=5&page=1"}
{"ip":"::1","level":"info","message":"Request started","method":"GET","requestId":"dd811330-92e1-40a8-b9ae-bd9af9df94ee","service":"automobiles-and-parts-api","timestamp":"2025-10-15T03:52:19.905Z","url":"/api/v1/health","userAgent":"Mozilla/5.0 (Windows NT; Windows NT 10.0; en-US) WindowsPowerShell/5.1.19041.6392"}
{"duration":"5ms","level":"info","message":"Request completed","method":"GET","requestId":"dd811330-92e1-40a8-b9ae-bd9af9df94ee","service":"automobiles-and-parts-api","statusCode":200,"timestamp":"2025-10-15T03:52:19.910Z","url":"/health"}
{"ip":"::1","level":"info","message":"Request started","method":"POST","requestId":"155bbdb9-3ebb-47b4-8583-cccf9bfdefbb","service":"automobiles-and-parts-api","timestamp":"2025-10-15T03:52:31.735Z","url":"/api/v1/auth/login","userAgent":"Mozilla/5.0 (Windows NT; Windows NT 10.0; en-US) WindowsPowerShell/5.1.19041.6392"}
{"duration":"8ms","level":"info","message":"Request completed","method":"POST","requestId":"155bbdb9-3ebb-47b4-8583-cccf9bfdefbb","service":"automobiles-and-parts-api","statusCode":400,"timestamp":"2025-10-15T03:52:31.743Z","url":"/auth/login"}
{"ip":"::1","level":"info","message":"Request started","method":"GET","requestId":"d774e572-4aa3-432c-a0f9-870a5f1d0beb","service":"automobiles-and-parts-api","timestamp":"2025-10-15T18:21:24.822Z","url":"/api/v1/health","userAgent":"Mozilla/5.0 (Windows NT; Windows NT 10.0; en-US) WindowsPowerShell/5.1.19041.6392"}
{"duration":"553ms","level":"info","message":"Request completed","method":"GET","requestId":"d774e572-4aa3-432c-a0f9-870a5f1d0beb","service":"automobiles-and-parts-api","statusCode":200,"timestamp":"2025-10-15T18:21:25.371Z","url":"/health"}
{"ip":"::1","level":"info","message":"Request started","method":"POST","requestId":"49ea08e9-120e-44c3-85fa-cb3fc02dd88b","service":"automobiles-and-parts-api","timestamp":"2025-10-15T18:21:45.174Z","url":"/api/v1/auth/login","userAgent":"Mozilla/5.0 (Windows NT; Windows NT 10.0; en-US) WindowsPowerShell/5.1.19041.6392"}
{"duration":"26ms","level":"info","message":"Request completed","method":"POST","requestId":"49ea08e9-120e-44c3-85fa-cb3fc02dd88b","service":"automobiles-and-parts-api","statusCode":400,"timestamp":"2025-10-15T18:21:45.200Z","url":"/auth/login"}
{"ip":"::1","level":"info","message":"Request started","method":"GET","requestId":"85bd445d-b745-4c35-9de4-9049f14df33e","service":"automobiles-and-parts-api","timestamp":"2025-10-15T18:21:53.243Z","url":"/api/v1/vehicles?limit=5&page=1","userAgent":"Mozilla/5.0 (Windows NT; Windows NT 10.0; en-US) WindowsPowerShell/5.1.19041.6392"}
{"duration":"1527ms","level":"info","message":"Request completed","method":"GET","requestId":"85bd445d-b745-4c35-9de4-9049f14df33e","service":"automobiles-and-parts-api","statusCode":200,"timestamp":"2025-10-15T18:21:54.769Z","url":"/vehicles?limit=5&page=1"}
{"ip":"::1","level":"info","message":"Request started","method":"GET","requestId":"081af82a-1d7c-45e1-8eaa-5f8758b4ac82","service":"automobiles-and-parts-api","timestamp":"2025-10-15T18:22:01.501Z","url":"/api/v1/vehicles?brand=Toyota","userAgent":"Mozilla/5.0 (Windows NT; Windows NT 10.0; en-US) WindowsPowerShell/5.1.19041.6392"}
{"duration":"380ms","level":"info","message":"Request completed","method":"GET","requestId":"081af82a-1d7c-45e1-8eaa-5f8758b4ac82","service":"automobiles-and-parts-api","statusCode":200,"timestamp":"2025-10-15T18:22:01.881Z","url":"/vehicles?brand=Toyota"}
{"ip":"::1","level":"info","message":"Request started","method":"GET","requestId":"8770be9f-1cb8-461c-a8ff-5516e1d7caa1","service":"automobiles-and-parts-api","timestamp":"2025-10-15T18:23:20.815Z","url":"/api/v1/vehicles?limit=5&page=1","userAgent":"Mozilla/5.0 (Windows NT; Windows NT 10.0; en-US) WindowsPowerShell/5.1.19041.6392"}
{"duration":"1588ms","level":"info","message":"Request completed","method":"GET","requestId":"8770be9f-1cb8-461c-a8ff-5516e1d7caa1","service":"automobiles-and-parts-api","statusCode":200,"timestamp":"2025-10-15T18:23:22.402Z","url":"/vehicles?limit=5&page=1"}
